<?xml version="1.0" encoding="UTF-8"?>
<!-- Generated by org.testng.reporters.JUnitXMLReporter -->
<testsuite ignored="0" hostname="DESKTOP-TN3C50E" failures="0" tests="3" name="Default test" time="14.506" errors="0" timestamp="2022-10-03T21:07:15 IST">
  <testcase classname="com.testng.practise.Automation_Testng" name="driver1" time="13.89"/>
  <testcase classname="com.testng.practise.Automation_Testng" name="logger1" time="0.063"/>
  <testcase classname="com.testng.practise.Automation_Testng" name="manager1" time="0.006"/>
</testsuite> <!-- Default test -->
